<?xml version="1.0" encoding="UTF-8"?>
<testsuite name="com.example.calculator.CalculatorViewModelTest" tests="5" skipped="0" failures="0" errors="0" timestamp="2024-06-21T14:56:52" hostname="PPM-JAMF-S-27379" time="0.001">
  <properties/>
  <testcase name="subtract_numbers" classname="com.example.calculator.CalculatorViewModelTest" time="0.0"/>
  <testcase name="divide_numbers" classname="com.example.calculator.CalculatorViewModelTest" time="0.001"/>
  <testcase name="add_numbers" classname="com.example.calculator.CalculatorViewModelTest" time="0.0"/>
  <testcase name="multiply_numbers" classname="com.example.calculator.CalculatorViewModelTest" time="0.0"/>
  <testcase name="divide_by_zero" classname="com.example.calculator.CalculatorViewModelTest" time="0.0"/>
  <system-out><![CDATA[]]></system-out>
  <system-err><![CDATA[]]></system-err>
</testsuite>
